#
# There is insufficient memory for the Java Runtime Environment to continue.
# Native memory allocation (malloc) failed to allocate 242736 bytes for Chunk::new
# Possible reasons:
#   The system is out of physical RAM or swap space
#   In 32 bit mode, the process size limit was hit
# Possible solutions:
#   Reduce memory load on the system
#   Increase physical memory or swap space
#   Check if swap backing store is full
#   Use 64 bit Java on a 64 bit OS
#   Decrease Java heap size (-Xmx/-Xms)
#   Decrease number of Java threads
#   Decrease Java thread stack sizes (-Xss)
#   Set larger code cache with -XX:ReservedCodeCacheSize=
# This output file may be truncated or incomplete.
#
#  Out of Memory Error (allocation.cpp:390), pid=24136, tid=0x00000000000042d8
#
# JRE version: Java(TM) SE Runtime Environment (8.0_101-b13) (build 1.8.0_101-b13)
# Java VM: Java HotSpot(TM) 64-Bit Server VM (25.101-b13 mixed mode windows-amd64 compressed oops)
# Failed to write core dump. Minidumps are not enabled by default on client versions of Windows
#

---------------  T H R E A D  ---------------

Current thread (0x00000000170c7000):  JavaThread "C2 CompilerThread2" daemon [_thread_in_native, id=17112, stack(0x0000000017a80000,0x0000000017b80000)]

Stack: [0x0000000017a80000,0x0000000017b80000]
[error occurred during error reporting (printing stack bounds), id 0xc0000005]

Native frames: (J=compiled Java code, j=interpreted, Vv=VM code, C=native code)


Current CompileTask:
C2:   4736 1123   !   4       com.android.dx.rop.code.RegisterSpec::intern (70 bytes)


---------------  P R O C E S S  ---------------

Java Threads: ( => current thread )
  0x000000001729b000 JavaThread "pool-1-thread-4" [_thread_in_Java, id=18252, stack(0x0000000018280000,0x0000000018380000)]
  0x0000000017290800 JavaThread "pool-1-thread-3" [_thread_blocked, id=7872, stack(0x0000000018180000,0x0000000018280000)]
  0x0000000017297800 JavaThread "pool-1-thread-2" [_thread_in_Java, id=18224, stack(0x0000000018080000,0x0000000018180000)]
  0x000000001728b800 JavaThread "pool-2-thread-1" [_thread_blocked, id=19872, stack(0x0000000017f80000,0x0000000018080000)]
  0x000000001728b000 JavaThread "pool-1-thread-1" [_thread_in_vm, id=10928, stack(0x0000000017e80000,0x0000000017f80000)]
  0x0000000017160800 JavaThread "Service Thread" daemon [_thread_blocked, id=5848, stack(0x0000000017c80000,0x0000000017d80000)]
  0x00000000170d2000 JavaThread "C1 CompilerThread3" daemon [_thread_in_vm, id=19180, stack(0x0000000017b80000,0x0000000017c80000)]
=>0x00000000170c7000 JavaThread "C2 CompilerThread2" daemon [_thread_in_native, id=17112, stack(0x0000000017a80000,0x0000000017b80000)]
  0x00000000170c3000 JavaThread "C2 CompilerThread1" daemon [_thread_in_vm, id=20888, stack(0x0000000017980000,0x0000000017a80000)]
  0x00000000170c0000 JavaThread "C2 CompilerThread0" daemon [_thread_in_vm, id=11752, stack(0x0000000017880000,0x0000000017980000)]
  0x00000000170be800 JavaThread "Attach Listener" daemon [_thread_blocked, id=6212, stack(0x0000000017780000,0x0000000017880000)]
  0x00000000170bb800 JavaThread "Signal Dispatcher" daemon [_thread_blocked, id=20388, stack(0x0000000017680000,0x0000000017780000)]
  0x000000000268e000 JavaThread "Finalizer" daemon [_thread_blocked, id=15224, stack(0x0000000017490000,0x0000000017590000)]
  0x00000000151ad800 JavaThread "Reference Handler" daemon [_thread_blocked, id=21416, stack(0x0000000016f90000,0x0000000017090000)]
  0x000000000258e000 JavaThread "main" [_thread_in_Java, id=23684, stack(0x0000000002420000,0x0000000002520000)]

Other Threads:
  0x00000000151a9800 VMThread [stack: 0x0000000016e90000,0x0000000016f90000] [id=11112]
  0x000000001717b000 WatcherThread [stack: 0x0000000017d80000,0x0000000017e80000] [id=21160]

VM state:synchronizing (normal execution)

VM Mutex/Monitor currently owned by a thread:  ([mutex/lock_event])
[0x000000000258d5a0] Safepoint_lock - owner thread: 0x00000000151a9800
[0x000000000258d020] Threads_lock - owner thread: 0x00000000151a9800

Heap:
 PSYoungGen      total 37888K, used 7832K [0x00000000eab00000, 0x00000000ed500000, 0x0000000100000000)
  eden space 32768K, 8% used [0x00000000eab00000,0x00000000eadabf00,0x00000000ecb00000)
  from space 5120K, 99% used [0x00000000ecb00000,0x00000000ecffa2d8,0x00000000ed000000)
  to   space 5120K, 0% used [0x00000000ed000000,0x00000000ed000000,0x00000000ed500000)
 ParOldGen       total 86016K, used 3063K [0x00000000c0000000, 0x00000000c5400000, 0x00000000eab00000)
  object space 86016K, 3% used [0x00000000c0000000,0x00000000c02fde60,0x00000000c5400000)
 Metaspace       used 5828K, capacity 6896K, committed 7040K, reserved 1056768K
  class space    used 586K, capacity 616K, committed 640K, reserved 1048576K

Card table byte_map: [0x0000000011a50000,0x0000000011c60000] byte_map_base: 0x0000000011450000

Marking Bits: (ParMarkBitMap*) 0x000000007520a6d0
 Begin Bits: [0x00000000125c0000, 0x00000000135c0000)
 End Bits:   [0x00000000135c0000, 0x00000000145c0000)

Polling page: 0x0000000000cb0000

CodeCache: size=245760Kb used=4908Kb max_used=4918Kb free=240851Kb
 bounds [0x0000000002690000, 0x0000000002b70000, 0x0000000011690000]
 total_blobs=1435 nmethods=1172 adapters=175
 compilation: enabled

Compilation events (10 events):
Event: 2.719 Thread 0x00000000170d2000 1193       3       com.android.dx.rop.code.BasicBlockList::getInstructionCount (48 bytes)
Event: 2.720 Thread 0x00000000170d2000 nmethod 1193 0x0000000002b46a90 code [0x0000000002b46c20, 0x0000000002b472b0]
Event: 2.720 Thread 0x00000000170d2000 1189       3       com.android.dx.cf.code.LocalVariableList::pcAndIndexToLocal (51 bytes)
Event: 2.721 Thread 0x00000000170d2000 nmethod 1189 0x0000000002b5a410 code [0x0000000002b5a5c0, 0x0000000002b5ac48]
Event: 2.721 Thread 0x00000000170d2000 1197       3       com.android.dx.ssa.SCCP::simulatePhi (169 bytes)
Event: 2.732 Thread 0x00000000170d2000 nmethod 1197 0x0000000002b5e150 code [0x0000000002b5e3c0, 0x0000000002b5f558]
Event: 2.732 Thread 0x00000000170c0000 nmethod 1139 0x0000000002b601d0 code [0x0000000002b60360, 0x0000000002b60a68]
Event: 2.732 Thread 0x00000000170c0000 1181       4       java.util.BitSet::set (58 bytes)
Event: 2.732 Thread 0x00000000170d2000 1172       3       com.android.dx.dex.code.RopTranslator$1::visitPlainCstInsn (64 bytes)
Event: 2.732 Thread 0x00000000170c3000 nmethod 1073 0x0000000002b610d0 code [0x0000000002b61360, 0x0000000002b63050]

GC Heap History (2 events):
Event: 2.721 GC heap before
{Heap before GC invocations=1 (full 0):
 PSYoungGen      total 37888K, used 32768K [0x00000000eab00000, 0x00000000ed500000, 0x0000000100000000)
  eden space 32768K, 100% used [0x00000000eab00000,0x00000000ecb00000,0x00000000ecb00000)
  from space 5120K, 0% used [0x00000000ed000000,0x00000000ed000000,0x00000000ed500000)
  to   space 5120K, 0% used [0x00000000ecb00000,0x00000000ecb00000,0x00000000ed000000)
 ParOldGen       total 86016K, used 0K [0x00000000c0000000, 0x00000000c5400000, 0x00000000eab00000)
  object space 86016K, 0% used [0x00000000c0000000,0x00000000c0000000,0x00000000c5400000)
 Metaspace       used 5819K, capacity 6896K, committed 7040K, reserved 1056768K
  class space    used 586K, capacity 616K, committed 640K, reserved 1048576K
Event: 2.731 GC heap after
Heap after GC invocations=1 (full 0):
 PSYoungGen      total 37888K, used 5096K [0x00000000eab00000, 0x00000000ed500000, 0x0000000100000000)
  eden space 32768K, 0% used [0x00000000eab00000,0x00000000eab00000,0x00000000ecb00000)
  from space 5120K, 99% used [0x00000000ecb00000,0x00000000ecffa2d8,0x00000000ed000000)
  to   space 5120K, 0% used [0x00000000ed000000,0x00000000ed000000,0x00000000ed500000)
 ParOldGen       total 86016K, used 3063K [0x00000000c0000000, 0x00000000c5400000, 0x00000000eab00000)
  object space 86016K, 3% used [0x00000000c0000000,0x00000000c02fde60,0x00000000c5400000)
 Metaspace       used 5819K, capacity 6896K, committed 7040K, reserved 1056768K
  class space    used 586K, capacity 616K, committed 640K, reserved 1048576K
}

Deoptimization events (10 events):
Event: 1.659 Thread 0x0000000017290800 Uncommon trap: reason=unstable_if action=reinterpret pc=0x00000000028f3074 method=java.util.BitSet.ensureCapacity(I)V @ 6
Event: 1.666 Thread 0x000000001729b000 Uncommon trap: reason=class_check action=maybe_recompile pc=0x0000000002af0f30 method=com.android.dx.rop.type.Type.equals(Ljava/lang/Object;)Z @ 8
Event: 1.666 Thread 0x000000001729b000 Uncommon trap: reason=class_check action=maybe_recompile pc=0x0000000002af0f30 method=com.android.dx.rop.type.Type.equals(Ljava/lang/Object;)Z @ 8
Event: 1.667 Thread 0x000000001729b000 Uncommon trap: reason=class_check action=maybe_recompile pc=0x0000000002af0f30 method=com.android.dx.rop.type.Type.equals(Ljava/lang/Object;)Z @ 8
Event: 1.667 Thread 0x000000001729b000 Uncommon trap: reason=class_check action=maybe_recompile pc=0x0000000002af0f30 method=com.android.dx.rop.type.Type.equals(Ljava/lang/Object;)Z @ 8
Event: 1.683 Thread 0x000000000258e000 Uncommon trap: reason=unstable_if action=reinterpret pc=0x00000000028b7738 method=com.android.dx.rop.cst.StdConstantPool.set(ILcom/android/dx/rop/cst/Constant;)V @ 12
Event: 2.733 Thread 0x000000001729b000 Uncommon trap: reason=class_check action=maybe_recompile pc=0x0000000002b62da4 method=com.android.dx.ssa.back.LivenessAnalyzer.liveOutAtStatement()V @ 14
Event: 2.733 Thread 0x000000001728b000 Uncommon trap: reason=class_check action=maybe_recompile pc=0x0000000002b62da4 method=com.android.dx.ssa.back.LivenessAnalyzer.liveOutAtStatement()V @ 14
Event: 2.733 Thread 0x0000000017297800 Uncommon trap: reason=class_check action=maybe_recompile pc=0x0000000002b62da4 method=com.android.dx.ssa.back.LivenessAnalyzer.liveOutAtStatement()V @ 14
Event: 2.740 Thread 0x000000000258e000 Uncommon trap: reason=class_check action=maybe_recompile pc=0x0000000002b62da4 method=com.android.dx.ssa.back.LivenessAnalyzer.liveOutAtStatement()V @ 14

Internal exceptions (3 events):
Event: 0.080 Thread 0x000000000258e000 Exception <a 'java/lang/NoSuchMethodError': Method sun.misc.Unsafe.defineClass(Ljava/lang/String;[BII)Ljava/lang/Class; name or signature does not match> (0x00000000eab07cc0) thrown at [C:\re\workspace\8-2-build-windows-amd64-cygwin\jdk8u101\7261\hotspot\s
Event: 0.081 Thread 0x000000000258e000 Exception <a 'java/lang/NoSuchMethodError': Method sun.misc.Unsafe.prefetchRead(Ljava/lang/Object;J)V name or signature does not match> (0x00000000eab07fa8) thrown at [C:\re\workspace\8-2-build-windows-amd64-cygwin\jdk8u101\7261\hotspot\src\share\vm\prims\xˆoè„ú?
Event: 1.657 Thread 0x0000000017290800 Implicit null exception at 0x0000000002aba762 to 0x0000000002aba861

Events (10 events):
Event: 2.733 Thread 0x000000001729b000 DEOPT PACKING pc=0x0000000002b62da4 sp=0x000000001837e390
Event: 2.733 Thread 0x000000001728b000 Uncommon trap: trap_request=0xffffffde fr.pc=0x0000000002b62da4
Event: 2.733 Thread 0x000000001728b000 DEOPT PACKING pc=0x0000000002b62da4 sp=0x0000000017f7ec00
Event: 2.733 Thread 0x0000000017297800 Uncommon trap: trap_request=0xffffffde fr.pc=0x0000000002b62da4
Event: 2.733 Thread 0x0000000017297800 DEOPT PACKING pc=0x0000000002b62da4 sp=0x000000001817e790
Event: 2.740 Thread 0x000000000258e000 Uncommon trap: trap_request=0xffffffde fr.pc=0x0000000002b62da4
Event: 2.740 Thread 0x000000000258e000 DEOPT PACKING pc=0x0000000002b62da4 sp=0x000000000251de50
Event: 4.733 Thread 0x000000001729b000 DEOPT UNPACKING pc=0x00000000026d582a sp=0x000000001837e358 mode 2
Event: 4.733 Thread 0x000000001728b000 DEOPT UNPACKING pc=0x00000000026d582a sp=0x0000000017f7ebc8 mode 2
Event: 4.733 Thread 0x0000000017297800 DEOPT UNPACKING pc=0x00000000026d582a sp=0x000000001817e758 mode 2


Dynamic libraries:
0x00007ff7f8fd0000 - 0x00007ff7f9007000 	C:\Program Files\Java\jdk1.8.0_101\bin\java.exe
0x00007ffde1d90000 - 0x00007ffde1f61000 	C:\WINDOWS\SYSTEM32\ntdll.dll
0x00007ffde0970000 - 0x00007ffde0a1b000 	C:\WINDOWS\System32\KERNEL32.DLL
0x00007ffdde400000 - 0x00007ffdde61d000 	C:\WINDOWS\System32\KERNELBASE.dll
0x00007ffde0bf0000 - 0x00007ffde0c92000 	C:\WINDOWS\System32\ADVAPI32.dll
0x00007ffde0ca0000 - 0x00007ffde0d3e000 	C:\WINDOWS\System32\msvcrt.dll
0x00007ffde1590000 - 0x00007ffde15e9000 	C:\WINDOWS\System32\sechost.dll
0x00007ffde0e00000 - 0x00007ffde0f21000 	C:\WINDOWS\System32\RPCRT4.dll
0x00007ffde1810000 - 0x00007ffde1975000 	C:\WINDOWS\System32\USER32.dll
0x00007ffddf300000 - 0x00007ffddf31e000 	C:\WINDOWS\System32\win32u.dll
0x00007ffde17d0000 - 0x00007ffde1804000 	C:\WINDOWS\System32\GDI32.dll
0x00007ffddefa0000 - 0x00007ffddf122000 	C:\WINDOWS\System32\gdi32full.dll
0x00007ffdd5c90000 - 0x00007ffdd5f0a000 	C:\WINDOWS\WinSxS\amd64_microsoft.windows.common-controls_6595b64144ccf1df_6.0.14393.953_none_42151e83c686086b\COMCTL32.dll
0x00007ffde1ac0000 - 0x00007ffde1d88000 	C:\WINDOWS\System32\combase.dll
0x00007ffdde670000 - 0x00007ffdde765000 	C:\WINDOWS\System32\ucrtbase.dll
0x00007ffdde390000 - 0x00007ffdde3fa000 	C:\WINDOWS\System32\bcryptPrimitives.dll
0x00007ffde1600000 - 0x00007ffde162e000 	C:\WINDOWS\System32\IMM32.DLL
0x0000000053480000 - 0x0000000053552000 	C:\Program Files\Java\jdk1.8.0_101\jre\bin\msvcr100.dll
0x00000000749f0000 - 0x000000007528a000 	C:\Program Files\Java\jdk1.8.0_101\jre\bin\server\jvm.dll
0x00007ffddf450000 - 0x00007ffddf458000 	C:\WINDOWS\System32\PSAPI.DLL
0x00007ffddab20000 - 0x00007ffddab29000 	C:\WINDOWS\SYSTEM32\WSOCK32.dll
0x00007ffde0f90000 - 0x00007ffde0ffa000 	C:\WINDOWS\System32\WS2_32.dll
0x00007ffddc540000 - 0x00007ffddc563000 	C:\WINDOWS\SYSTEM32\WINMM.dll
0x00007ffdd6f70000 - 0x00007ffdd6f7a000 	C:\WINDOWS\SYSTEM32\VERSION.dll
0x0000000000c80000 - 0x0000000000cab000 	C:\WINDOWS\SYSTEM32\WINMMBASE.dll
0x00007ffdde620000 - 0x00007ffdde662000 	C:\WINDOWS\System32\cfgmgr32.dll
0x0000000052200000 - 0x000000005220f000 	C:\Program Files\Java\jdk1.8.0_101\jre\bin\verify.dll
0x0000000051650000 - 0x0000000051679000 	C:\Program Files\Java\jdk1.8.0_101\jre\bin\java.dll
0x0000000051790000 - 0x00000000517a6000 	C:\Program Files\Java\jdk1.8.0_101\jre\bin\zip.dll
0x00007ffddf460000 - 0x00007ffde0968000 	C:\WINDOWS\System32\SHELL32.dll
0x00007ffdde8c0000 - 0x00007ffddef9a000 	C:\WINDOWS\System32\windows.storage.dll
0x00007ffdde210000 - 0x00007ffdde25c000 	C:\WINDOWS\System32\powrprof.dll
0x00007ffde1000000 - 0x00007ffde1052000 	C:\WINDOWS\System32\shlwapi.dll
0x00007ffdde200000 - 0x00007ffdde20f000 	C:\WINDOWS\System32\kernel.appcore.dll
0x00007ffdde770000 - 0x00007ffdde819000 	C:\WINDOWS\System32\shcore.dll
0x00007ffdde260000 - 0x00007ffdde274000 	C:\WINDOWS\System32\profapi.dll

VM Arguments:
jvm_args: -Djava.awt.headless=true -Xmx1024M -Dfile.encoding=windows-1250 -Duser.country=US -Duser.language=en -Duser.variant 
java_command: com.android.dx.command.Main --dex --num-threads=4 --output C:\Users\Daniel\AndroidStudioProjects\diplomka\samples\Card Game AR\app\build\intermediates\pre-dexed\debug\debug_1ce500745ceb3e9e7bac4e95b80f865106664555.jar C:\Users\Daniel\AndroidStudioProjects\diplomka\samples\Card Game AR\app\build\intermediates\classes\debug
java_class_path (initial): C:\Users\Daniel\AppData\Local\Android\sdk\build-tools\25.0.0\lib\dx.jar
Launcher Type: SUN_STANDARD

Environment Variables:
JAVA_HOME=C:\Program Files\Java\jdk1.8.0_101
PATH=C:\Program Files (x86)\NVIDIA Corporation\PhysX\Common;C:\ProgramData\Oracle\Java\javapath;C:\Program Files (x86)\Intel\iCLS Client\;C:\Program Files\Intel\iCLS Client\;C:\WINDOWS\system32;C:\WINDOWS;C:\WINDOWS\System32\Wbem;C:\WINDOWS\System32\WindowsPowerShell\v1.0\;C:\Program Files\Intel\Intel(R) Management Engine Components\DAL;C:\Program Files\Intel\Intel(R) Management Engine Components\IPT;C:\Program Files (x86)\Intel\Intel(R) Management Engine Components\DAL;C:\Program Files (x86)\Intel\Intel(R) Management Engine Components\IPT;C:\Program Files (x86)\Intel\OpenCL SDK\2.0\bin\x86;C:\Program Files (x86)\Intel\OpenCL SDK\2.0\bin\x64;C:\Program Files\Lenovo\Bluetooth Software\;C:\Program Files\Lenovo\Bluetooth Software\syswow64;C:\Program Files\Intel\WiFi\bin\;C:\Program Files\Common Files\Intel\WirelessCommon\;C:\Windows\System32\;C:\Program Files\Java\;C:\MinGW\bin;C:\MinGW\MSYS\1.0\bin;C:\Users\Daniel\Documents;C:\apache-maven-3.3.9-bin\apache-maven-3.3.9\bin;C:\Program Files\Java\jdk1.7.0_80\bin;C:\Users\Daniel\AppData\Local\Android\sdk\tools;C:\Users\Daniel\AppData\Local\Android\sdk\platform-tools;C:\HashiCorp\Vagrant\bin;C:\php;C:\ProgramData\ComposerSetup\bin;C:\php\php.exe;C:\Program Files\Java\jdk1.8.0_101;C:\Program Files\Git\cmd;C:\WINDOWS\system32\config\systemprofile\.dnx\bin;C:\Program Files\Microsoft DNX\Dnvm\;C:\Program Files\Microsoft SQL Server\120\Tools\Binn\;C:\Program Files (x86)\Windows Kits\8.1\Windows Performance Toolkit\;C:\Program Files\Common Files\Autodesk Shared\;C:\Program Files (x86)\Autodesk\Backburner\;C:\Users\Daniel\.dnx\bin;C:\Users\Daniel\AppData\Roaming\Composer\vendor\bin;C:\Users\Daniel\AppData\Local\Microsoft\WindowsApps
USERNAME=Daniel
OS=Windows_NT
PROCESSOR_IDENTIFIER=Intel64 Family 6 Model 58 Stepping 9, GenuineIntel



---------------  S Y S T E M  ---------------

OS: Windows 10.0 , 64 bit Build 14393 (10.0.14393.0)

CPU:total 8 (4 cores per cpu, 2 threads per core) family 6 model 58 stepping 9, cmov, cx8, fxsr, mmx, sse, sse2, sse3, ssse3, sse4.1, sse4.2, popcnt, avx, clmul, erms, ht, tsc, tscinvbit, tscinv

Memory: 4k page, physical 8246180k(539560k free), swap 33320632k(3412k free)

vm_info: Java HotSpot(TM) 64-Bit Server VM (25.101-b13) for windows-amd64 JRE (1.8.0_101-b13), built on Jun 22 2016 01:21:29 by "java_re" with MS VC++ 10.0 (VS2010)

time: Mon May 08 23:50:13 2017
elapsed time: 5 seconds (0d 0h 0m 5s)

